<?xml version="1.0" encoding="UTF-8"?>
<!-- Generated by org.testng.reporters.JUnitReportReporter -->
<testsuite skipped="0" hostname="DESKTOP-8RFFBHQ" name="AddToCartTest" tests="1" failures="0" timestamp="05 velj 2022 18:36:57 GMT" time="7.310" errors="0">
  <testcase name="honorbuyLogInTest" time="7.310" classname="AddToCartTest"/>
</testsuite> <!-- AddToCartTest -->
