<?xml version="1.0" encoding="UTF-8"?>
<!-- Generated by org.testng.reporters.JUnitReportReporter -->
<testsuite skipped="0" hostname="DESKTOP-8RFFBHQ" name="LogInTest" tests="1" failures="0" timestamp="05 velj 2022 18:36:57 GMT" time="5.506" errors="0">
  <testcase name="honorbuyLogInTest" time="5.506" classname="LogInTest"/>
</testsuite> <!-- LogInTest -->
