<?xml version="1.0" encoding="UTF-8"?>
<!-- Generated by org.testng.reporters.JUnitReportReporter -->
<testsuite skipped="0" hostname="DESKTOP-8RFFBHQ" name="SetBackInStockReminderTest" tests="1" failures="0" timestamp="05 velj 2022 18:36:57 GMT" time="8.049" errors="0">
  <testcase name="honorbuySetBackInStockReminder" time="8.049" classname="SetBackInStockReminderTest"/>
</testsuite> <!-- SetBackInStockReminderTest -->
