<?xml version="1.0" encoding="UTF-8"?>
<!-- Generated by org.testng.reporters.JUnitReportReporter -->
<testsuite skipped="0" hostname="DESKTOP-8RFFBHQ" name="AddToWishListTest" tests="1" failures="0" timestamp="05 velj 2022 23:40:18 GMT" time="10.229" errors="0">
  <testcase name="honorbuyAddToWishListTest" time="10.229" classname="AddToWishListTest"/>
</testsuite> <!-- AddToWishListTest -->
