<?xml version="1.0" encoding="UTF-8"?>
<!-- Generated by org.testng.reporters.JUnitReportReporter -->
<testsuite skipped="0" hostname="DESKTOP-8RFFBHQ" name="SetBackInStockReminderTest" tests="1" failures="0" timestamp="05 velj 2022 23:40:18 GMT" time="7.551" errors="0">
  <testcase name="honorbuySetBackInStockReminder" time="7.551" classname="SetBackInStockReminderTest"/>
</testsuite> <!-- SetBackInStockReminderTest -->
