<?xml version="1.0" encoding="UTF-8"?>
<!-- Generated by org.testng.reporters.JUnitReportReporter -->
<testsuite skipped="0" hostname="DESKTOP-8RFFBHQ" name="EmptyCartTest" tests="1" failures="0" timestamp="05 velj 2022 18:36:57 GMT" time="8.746" errors="0">
  <testcase name="honorbuyEmptyCartTest" time="8.746" classname="EmptyCartTest"/>
</testsuite> <!-- EmptyCartTest -->
